[0311/125413.558:ERROR:process_memory_win.cc(73)] ReadMemory at 0x7ff755f40000 of 64 bytes failed: Only part of a ReadProcessMemory or WriteProcessMemory request was completed. (0x12B)
[0311/125413.563:WARNING:pe_image_reader.cc(340)] could not read dos header from C:\Program Files (x86)\Google\Chrome\Application\chrome.exe
[0311/125413.564:ERROR:process_memory_win.cc(73)] ReadMemory at 0x195a815cdd0 of 72 bytes failed: Only part of a ReadProcessMemory or WriteProcessMemory request was completed. (0x12B)
[0311/125413.564:WARNING:pe_image_annotations_reader.cc(134)] could not read annotations list object in C:\Program Files (x86)\Google\Chrome\Application\80.0.3987.132\chrome_elf.dll
[0311/125413.564:ERROR:process_memory_win.cc(73)] ReadMemory at 0x7ff935a80000 of 64 bytes failed: Only part of a ReadProcessMemory or WriteProcessMemory request was completed. (0x12B)
[0311/125413.566:WARNING:pe_image_reader.cc(340)] could not read dos header from C:\Program Files (x86)\Google\Chrome\Application\80.0.3987.132\chrome.dll
[0311/125413.566:ERROR:process_memory_win.cc(73)] ReadMemory at 0x195a7f30000 of 64 bytes failed: Only part of a ReadProcessMemory or WriteProcessMemory request was completed. (0x12B)
[0311/125413.566:WARNING:pe_image_reader.cc(340)] could not read dos header from C:\WINDOWS\System32\WS2_32.dll
[0311/125413.567:ERROR:process_memory_win.cc(73)] ReadMemory at 0x7ff755f40000 of 64 bytes failed: Only part of a ReadProcessMemory or WriteProcessMemory request was completed. (0x12B)
[0311/125413.567:WARNING:pe_image_reader.cc(340)] could not read dos header from C:\Program Files (x86)\Google\Chrome\Application\chrome.exe
[0311/125413.567:ERROR:process_memory_win.cc(73)] ReadMemory at 0x195a815cdd0 of 72 bytes failed: Only part of a ReadProcessMemory or WriteProcessMemory request was completed. (0x12B)
[0311/125413.568:WARNING:pe_image_annotations_reader.cc(134)] could not read annotations list object in C:\Program Files (x86)\Google\Chrome\Application\80.0.3987.132\chrome_elf.dll
[0311/125413.568:ERROR:process_memory_win.cc(73)] ReadMemory at 0x7ff935a80000 of 64 bytes failed: Only part of a ReadProcessMemory or WriteProcessMemory request was completed. (0x12B)
[0311/125413.568:WARNING:pe_image_reader.cc(340)] could not read dos header from C:\Program Files (x86)\Google\Chrome\Application\80.0.3987.132\chrome.dll
[0311/125413.568:ERROR:process_memory_win.cc(73)] ReadMemory at 0x195a7f30000 of 64 bytes failed: Only part of a ReadProcessMemory or WriteProcessMemory request was completed. (0x12B)
[0311/125413.568:WARNING:pe_image_reader.cc(340)] could not read dos header from C:\WINDOWS\System32\WS2_32.dll
[0311/125413.579:ERROR:process_memory_win.cc(73)] ReadMemory at 0x60b93f9000 of 28672 bytes failed: Only part of a ReadProcessMemory or WriteProcessMemory request was completed. (0x12B)
[0311/125413.579:ERROR:process_memory_win.cc(73)] ReadMemory at 0x60b9bfd000 of 12288 bytes failed: Only part of a ReadProcessMemory or WriteProcessMemory request was completed. (0x12B)
[0311/125413.579:ERROR:process_memory_win.cc(73)] ReadMemory at 0x60ba3fd000 of 12288 bytes failed: Only part of a ReadProcessMemory or WriteProcessMemory request was completed. (0x12B)
[0311/125413.582:ERROR:process_memory_win.cc(73)] ReadMemory at 0x60babfc000 of 16384 bytes failed: Only part of a ReadProcessMemory or WriteProcessMemory request was completed. (0x12B)
[0311/125413.582:ERROR:process_memory_win.cc(73)] ReadMemory at 0x60bb3fc000 of 16384 bytes failed: Only part of a ReadProcessMemory or WriteProcessMemory request was completed. (0x12B)
[0311/125413.582:ERROR:process_memory_win.cc(73)] ReadMemory at 0x60bbbff000 of 4096 bytes failed: Only part of a ReadProcessMemory or WriteProcessMemory request was completed. (0x12B)
[0311/125413.582:ERROR:process_memory_win.cc(73)] ReadMemory at 0x60bc3fd000 of 12288 bytes failed: Only part of a ReadProcessMemory or WriteProcessMemory request was completed. (0x12B)
[0311/125413.582:ERROR:process_memory_win.cc(73)] ReadMemory at 0x60bcbfd000 of 12288 bytes failed: Only part of a ReadProcessMemory or WriteProcessMemory request was completed. (0x12B)
[0311/125413.582:ERROR:process_memory_win.cc(73)] ReadMemory at 0x60bd3fd000 of 12288 bytes failed: Only part of a ReadProcessMemory or WriteProcessMemory request was completed. (0x12B)
[0311/125413.582:ERROR:process_memory_win.cc(73)] ReadMemory at 0x60bdbfd000 of 12288 bytes failed: Only part of a ReadProcessMemory or WriteProcessMemory request was completed. (0x12B)
[0311/125413.583:ERROR:process_memory_win.cc(73)] ReadMemory at 0x60be3fd000 of 12288 bytes failed: Only part of a ReadProcessMemory or WriteProcessMemory request was completed. (0x12B)
[0311/125413.583:ERROR:process_memory_win.cc(73)] ReadMemory at 0x60bebfd000 of 12288 bytes failed: Only part of a ReadProcessMemory or WriteProcessMemory request was completed. (0x12B)
[0311/125413.583:ERROR:process_memory_win.cc(73)] ReadMemory at 0x60bf3fd000 of 12288 bytes failed: Only part of a ReadProcessMemory or WriteProcessMemory request was completed. (0x12B)
[0311/125413.583:ERROR:process_memory_win.cc(73)] ReadMemory at 0x60bfbfd000 of 12288 bytes failed: Only part of a ReadProcessMemory or WriteProcessMemory request was completed. (0x12B)
[0311/125413.583:ERROR:process_memory_win.cc(73)] ReadMemory at 0x60b8a46000 of 852 bytes failed: Only part of a ReadProcessMemory or WriteProcessMemory request was completed. (0x12B)
[0311/125413.584:ERROR:process_memory_win.cc(73)] ReadMemory at 0x60b8a47000 of 6024 bytes failed: Only part of a ReadProcessMemory or WriteProcessMemory request was completed. (0x12B)
[0311/125413.584:ERROR:process_memory_win.cc(73)] ReadMemory at 0x60b8a49000 of 6024 bytes failed: Only part of a ReadProcessMemory or WriteProcessMemory request was completed. (0x12B)
[0311/125413.584:ERROR:process_memory_win.cc(73)] ReadMemory at 0x60b8a4b000 of 6024 bytes failed: Only part of a ReadProcessMemory or WriteProcessMemory request was completed. (0x12B)
[0311/125413.584:ERROR:process_memory_win.cc(73)] ReadMemory at 0x60b8a4d000 of 6024 bytes failed: Only part of a ReadProcessMemory or WriteProcessMemory request was completed. (0x12B)
[0311/125413.584:ERROR:process_memory_win.cc(73)] ReadMemory at 0x60b8a4f000 of 6024 bytes failed: Only part of a ReadProcessMemory or WriteProcessMemory request was completed. (0x12B)
[0311/125413.584:ERROR:process_memory_win.cc(73)] ReadMemory at 0x60b8a51000 of 6024 bytes failed: Only part of a ReadProcessMemory or WriteProcessMemory request was completed. (0x12B)
[0311/125413.585:ERROR:process_memory_win.cc(73)] ReadMemory at 0x60b8a53000 of 6024 bytes failed: Only part of a ReadProcessMemory or WriteProcessMemory request was completed. (0x12B)
[0311/125413.585:ERROR:process_memory_win.cc(73)] ReadMemory at 0x60b8a55000 of 6024 bytes failed: Only part of a ReadProcessMemory or WriteProcessMemory request was completed. (0x12B)
[0311/125413.585:ERROR:process_memory_win.cc(73)] ReadMemory at 0x60b8a57000 of 6024 bytes failed: Only part of a ReadProcessMemory or WriteProcessMemory request was completed. (0x12B)
[0311/125413.585:ERROR:process_memory_win.cc(73)] ReadMemory at 0x60b8a59000 of 6024 bytes failed: Only part of a ReadProcessMemory or WriteProcessMemory request was completed. (0x12B)
[0311/125413.586:ERROR:process_memory_win.cc(73)] ReadMemory at 0x60b8a5b000 of 6024 bytes failed: Only part of a ReadProcessMemory or WriteProcessMemory request was completed. (0x12B)
[0311/125413.586:ERROR:process_memory_win.cc(73)] ReadMemory at 0x60b8a5d000 of 6024 bytes failed: Only part of a ReadProcessMemory or WriteProcessMemory request was completed. (0x12B)
[0311/125413.586:ERROR:process_memory_win.cc(73)] ReadMemory at 0x60b8a5f000 of 6024 bytes failed: Only part of a ReadProcessMemory or WriteProcessMemory request was completed. (0x12B)
[0311/125413.587:ERROR:process_memory_win.cc(73)] ReadMemory at 0x60b8a61000 of 6024 bytes failed: Only part of a ReadProcessMemory or WriteProcessMemory request was completed. (0x12B)
[0311/125413.587:ERROR:process_memory_win.cc(73)] ReadMemory at 0x195a7d60750 of 80 bytes failed: Only part of a ReadProcessMemory or WriteProcessMemory request was completed. (0x12B)
[0311/125413.587:ERROR:process_memory_win.cc(73)] ReadMemory at 0x195a7d60fe0 of 19962 bytes failed: Only part of a ReadProcessMemory or WriteProcessMemory request was completed. (0x12B)
[0311/125413.587:ERROR:process_memory_win.cc(73)] ReadMemory at 0x195a7d65df0 of 1012 bytes failed: Only part of a ReadProcessMemory or WriteProcessMemory request was completed. (0x12B)
[0311/125413.587:ERROR:process_memory_win.cc(73)] ReadMemory at 0x195a7d66438 of 118 bytes failed: Only part of a ReadProcessMemory or WriteProcessMemory request was completed. (0x12B)
[0311/125413.587:ERROR:process_memory_win.cc(73)] ReadMemory at 0x195a7d664b0 of 1042 bytes failed: Only part of a ReadProcessMemory or WriteProcessMemory request was completed. (0x12B)
[0311/125413.587:ERROR:process_memory_win.cc(73)] ReadMemory at 0x195a7d668c4 of 118 bytes failed: Only part of a ReadProcessMemory or WriteProcessMemory request was completed. (0x12B)
[0311/125413.587:ERROR:process_memory_win.cc(73)] ReadMemory at 0x195a7d6693c of 98 bytes failed: Only part of a ReadProcessMemory or WriteProcessMemory request was completed. (0x12B)
[0311/125413.588:ERROR:process_memory_win.cc(73)] ReadMemory at 0x195a7d669b0 of 58 bytes failed: Only part of a ReadProcessMemory or WriteProcessMemory request was completed. (0x12B)
[0311/125413.588:ERROR:process_memory_win.cc(73)] ReadMemory at 0x195a7d66ab0 of 132 bytes failed: Only part of a ReadProcessMemory or WriteProcessMemory request was completed. (0x12B)
[0311/125413.588:ERROR:process_memory_win.cc(73)] ReadMemory at 0x195a7d66c40 of 132 bytes failed: Only part of a ReadProcessMemory or WriteProcessMemory request was completed. (0x12B)
[0311/125413.588:ERROR:process_memory_win.cc(73)] ReadMemory at 0x195a7d66e00 of 126 bytes failed: Only part of a ReadProcessMemory or WriteProcessMemory request was completed. (0x12B)
[0311/125413.588:ERROR:process_memory_win.cc(73)] ReadMemory at 0x195a7d671e0 of 132 bytes failed: Only part of a ReadProcessMemory or WriteProcessMemory request was completed. (0x12B)
[0311/125413.588:ERROR:process_memory_win.cc(73)] ReadMemory at 0x195a7d67370 of 64 bytes failed: Only part of a ReadProcessMemory or WriteProcessMemory request was completed. (0x12B)
[0311/125413.588:ERROR:process_memory_win.cc(73)] ReadMemory at 0x195a7d67530 of 132 bytes failed: Only part of a ReadProcessMemory or WriteProcessMemory request was completed. (0x12B)
[0311/125413.588:ERROR:process_memory_win.cc(73)] ReadMemory at 0x195a7d677d0 of 132 bytes failed: Only part of a ReadProcessMemory or WriteProcessMemory request was completed. (0x12B)
[0311/125413.589:ERROR:process_memory_win.cc(73)] ReadMemory at 0x195a7d67960 of 68 bytes failed: Only part of a ReadProcessMemory or WriteProcessMemory request was completed. (0x12B)
[0311/125413.589:ERROR:process_memory_win.cc(73)] ReadMemory at 0x195a7d68ac0 of 132 bytes failed: Only part of a ReadProcessMemory or WriteProcessMemory request was completed. (0x12B)
[0311/125413.589:ERROR:process_memory_win.cc(73)] ReadMemory at 0x195a7d68c50 of 154 bytes failed: Only part of a ReadProcessMemory or WriteProcessMemory request was completed. (0x12B)
[0311/125413.589:ERROR:process_memory_win.cc(73)] ReadMemory at 0x195a7d697ec of 512 bytes failed: Only part of a ReadProcessMemory or WriteProcessMemory request was completed. (0x12B)
[0311/125413.589:ERROR:process_memory_win.cc(73)] ReadMemory at 0x195a7d69c00 of 132 bytes failed: Only part of a ReadProcessMemory or WriteProcessMemory request was completed. (0x12B)
[0311/125413.589:ERROR:process_memory_win.cc(73)] ReadMemory at 0x195a7d69e10 of 132 bytes failed: Only part of a ReadProcessMemory or WriteProcessMemory request was completed. (0x12B)
[0311/125413.589:ERROR:process_memory_win.cc(73)] ReadMemory at 0x195a7d6b630 of 62 bytes failed: Only part of a ReadProcessMemory or WriteProcessMemory request was completed. (0x12B)
[0311/125413.589:ERROR:process_memory_win.cc(73)] ReadMemory at 0x195a7d6b790 of 132 bytes failed: Only part of a ReadProcessMemory or WriteProcessMemory request was completed. (0x12B)
[0311/125413.589:ERROR:process_memory_win.cc(73)] ReadMemory at 0x195a7d6b920 of 60 bytes failed: Only part of a ReadProcessMemory or WriteProcessMemory request was completed. (0x12B)
[0311/125413.589:ERROR:process_memory_win.cc(73)] ReadMemory at 0x195a7d6bd80 of 132 bytes failed: Only part of a ReadProcessMemory or WriteProcessMemory request was completed. (0x12B)
[0311/125413.589:ERROR:process_memory_win.cc(73)] ReadMemory at 0x195a7d6bf60 of 132 bytes failed: Only part of a ReadProcessMemory or WriteProcessMemory request was completed. (0x12B)
[0311/125413.590:ERROR:process_memory_win.cc(73)] ReadMemory at 0x195a7d6e810 of 132 bytes failed: Only part of a ReadProcessMemory or WriteProcessMemory request was completed. (0x12B)
[0311/125413.590:ERROR:process_memory_win.cc(73)] ReadMemory at 0x195a7d6e940 of 146 bytes failed: Only part of a ReadProcessMemory or WriteProcessMemory request was completed. (0x12B)
[0311/125413.590:ERROR:process_memory_win.cc(73)] ReadMemory at 0x195a7d6efa0 of 64 bytes failed: Only part of a ReadProcessMemory or WriteProcessMemory request was completed. (0x12B)
[0311/125413.590:ERROR:process_memory_win.cc(73)] ReadMemory at 0x195a7d6f040 of 60 bytes failed: Only part of a ReadProcessMemory or WriteProcessMemory request was completed. (0x12B)
[0311/125413.590:ERROR:process_memory_win.cc(73)] ReadMemory at 0x195a7d6f180 of 60 bytes failed: Only part of a ReadProcessMemory or WriteProcessMemory request was completed. (0x12B)
[0311/125413.590:ERROR:process_memory_win.cc(73)] ReadMemory at 0x195a7d6f220 of 64 bytes failed: Only part of a ReadProcessMemory or WriteProcessMemory request was completed. (0x12B)
[0311/125413.590:ERROR:process_memory_win.cc(73)] ReadMemory at 0x195a7d6f310 of 66 bytes failed: Only part of a ReadProcessMemory or WriteProcessMemory request was completed. (0x12B)
[0311/125413.590:ERROR:process_memory_win.cc(73)] ReadMemory at 0x195a7d6f360 of 62 bytes failed: Only part of a ReadProcessMemory or WriteProcessMemory request was completed. (0x12B)
[0311/125413.590:ERROR:process_memory_win.cc(73)] ReadMemory at 0x195a7d6f3b0 of 64 bytes failed: Only part of a ReadProcessMemory or WriteProcessMemory request was completed. (0x12B)
[0311/125413.590:ERROR:process_memory_win.cc(73)] ReadMemory at 0x195a7d6f400 of 62 bytes failed: Only part of a ReadProcessMemory or WriteProcessMemory request was completed. (0x12B)
[0311/125413.590:ERROR:process_memory_win.cc(73)] ReadMemory at 0x195a7d6f450 of 64 bytes failed: Only part of a ReadProcessMemory or WriteProcessMemory request was completed. (0x12B)
[0311/125413.590:ERROR:process_memory_win.cc(73)] ReadMemory at 0x195a7d6f7a0 of 132 bytes failed: Only part of a ReadProcessMemory or WriteProcessMemory request was completed. (0x12B)
[0311/125413.590:ERROR:process_memory_win.cc(73)] ReadMemory at 0x195a7d6fa00 of 132 bytes failed: Only part of a ReadProcessMemory or WriteProcessMemory request was completed. (0x12B)
[0311/125413.590:ERROR:process_memory_win.cc(73)] ReadMemory at 0x195a7d6fb30 of 132 bytes failed: Only part of a ReadProcessMemory or WriteProcessMemory request was completed. (0x12B)
[0311/125413.590:ERROR:process_memory_win.cc(73)] ReadMemory at 0x195a7d6fc60 of 132 bytes failed: Only part of a ReadProcessMemory or WriteProcessMemory request was completed. (0x12B)
[0311/125413.590:ERROR:process_memory_win.cc(73)] ReadMemory at 0x195a7d6fd90 of 132 bytes failed: Only part of a ReadProcessMemory or WriteProcessMemory request was completed. (0x12B)
[0311/125413.590:ERROR:process_memory_win.cc(73)] ReadMemory at 0x195a7d6fec0 of 132 bytes failed: Only part of a ReadProcessMemory or WriteProcessMemory request was completed. (0x12B)
[0311/125413.590:ERROR:process_memory_win.cc(73)] ReadMemory at 0x195a7d6fff0 of 132 bytes failed: Only part of a ReadProcessMemory or WriteProcessMemory request was completed. (0x12B)
[0311/125413.590:ERROR:process_memory_win.cc(73)] ReadMemory at 0x195a7d70120 of 132 bytes failed: Only part of a ReadProcessMemory or WriteProcessMemory request was completed. (0x12B)
[0311/125413.590:ERROR:process_memory_win.cc(73)] ReadMemory at 0x195a7d70710 of 132 bytes failed: Only part of a ReadProcessMemory or WriteProcessMemory request was completed. (0x12B)
[0311/125413.590:ERROR:process_memory_win.cc(73)] ReadMemory at 0x195a7d70970 of 132 bytes failed: Only part of a ReadProcessMemory or WriteProcessMemory request was completed. (0x12B)
[0311/125413.590:ERROR:process_memory_win.cc(73)] ReadMemory at 0x195a7d70bd0 of 132 bytes failed: Only part of a ReadProcessMemory or WriteProcessMemory request was completed. (0x12B)
[0311/125413.590:ERROR:process_memory_win.cc(73)] ReadMemory at 0x195a7d70d00 of 132 bytes failed: Only part of a ReadProcessMemory or WriteProcessMemory request was completed. (0x12B)
[0311/125413.590:ERROR:process_memory_win.cc(73)] ReadMemory at 0x195a7d70e30 of 132 bytes failed: Only part of a ReadProcessMemory or WriteProcessMemory request was completed. (0x12B)
[0311/125413.590:ERROR:process_memory_win.cc(73)] ReadMemory at 0x195a7d70f60 of 132 bytes failed: Only part of a ReadProcessMemory or WriteProcessMemory request was completed. (0x12B)
[0311/125413.590:ERROR:process_memory_win.cc(73)] ReadMemory at 0x195a7d71090 of 132 bytes failed: Only part of a ReadProcessMemory or WriteProcessMemory request was completed. (0x12B)
[0311/125413.590:ERROR:process_memory_win.cc(73)] ReadMemory at 0x195a7d711c0 of 132 bytes failed: Only part of a ReadProcessMemory or WriteProcessMemory request was completed. (0x12B)
[0311/125413.590:ERROR:process_memory_win.cc(73)] ReadMemory at 0x195a7d71420 of 132 bytes failed: Only part of a ReadProcessMemory or WriteProcessMemory request was completed. (0x12B)
[0311/125413.590:ERROR:process_memory_win.cc(73)] ReadMemory at 0x195a7d719c0 of 132 bytes failed: Only part of a ReadProcessMemory or WriteProcessMemory request was completed. (0x12B)
[0311/125413.590:ERROR:process_memory_win.cc(73)] ReadMemory at 0x195a7d71af0 of 132 bytes failed: Only part of a ReadProcessMemory or WriteProcessMemory request was completed. (0x12B)
[0311/125413.590:ERROR:process_memory_win.cc(73)] ReadMemory at 0x195a7d71c20 of 132 bytes failed: Only part of a ReadProcessMemory or WriteProcessMemory request was completed. (0x12B)
[0311/125413.594:ERROR:process_memory_win.cc(73)] ReadMemory at 0x195a7d71d50 of 132 bytes failed: Only part of a ReadProcessMemory or WriteProcessMemory request was completed. (0x12B)
[0311/125413.594:ERROR:process_memory_win.cc(73)] ReadMemory at 0x195a7d71e80 of 132 bytes failed: Only part of a ReadProcessMemory or WriteProcessMemory request was completed. (0x12B)
[0311/125413.594:ERROR:process_memory_win.cc(73)] ReadMemory at 0x195a7d759c0 of 132 bytes failed: Only part of a ReadProcessMemory or WriteProcessMemory request was completed. (0x12B)
[0311/125413.594:ERROR:process_memory_win.cc(73)] ReadMemory at 0x195a7d75af0 of 132 bytes failed: Only part of a ReadProcessMemory or WriteProcessMemory request was completed. (0x12B)
[0311/125413.594:ERROR:process_memory_win.cc(73)] ReadMemory at 0x195a7d76520 of 54 bytes failed: Only part of a ReadProcessMemory or WriteProcessMemory request was completed. (0x12B)
[0311/125413.594:ERROR:process_memory_win.cc(73)] ReadMemory at 0x195a7d78a00 of 80 bytes failed: Only part of a ReadProcessMemory or WriteProcessMemory request was completed. (0x12B)
[0311/125413.594:ERROR:process_memory_win.cc(73)] ReadMemory at 0x195a7d79060 of 76 bytes failed: Only part of a ReadProcessMemory or WriteProcessMemory request was completed. (0x12B)
[0311/125413.594:ERROR:process_memory_win.cc(73)] ReadMemory at 0x195a7d79d60 of 132 bytes failed: Only part of a ReadProcessMemory or WriteProcessMemory request was completed. (0x12B)
[0311/125413.594:ERROR:process_memory_win.cc(73)] ReadMemory at 0x195a7d79e90 of 132 bytes failed: Only part of a ReadProcessMemory or WriteProcessMemory request was completed. (0x12B)
[0311/125413.594:ERROR:process_memory_win.cc(73)] ReadMemory at 0x195a7d7a0b0 of 132 bytes failed: Only part of a ReadProcessMemory or WriteProcessMemory request was completed. (0x12B)
[0311/125413.594:ERROR:process_memory_win.cc(73)] ReadMemory at 0x195a7d7bfc0 of 62 bytes failed: Only part of a ReadProcessMemory or WriteProcessMemory request was completed. (0x12B)
[0311/125413.595:ERROR:process_memory_win.cc(73)] ReadMemory at 0x195a7d7c240 of 62 bytes failed: Only part of a ReadProcessMemory or WriteProcessMemory request was completed. (0x12B)
[0311/125413.595:ERROR:process_memory_win.cc(73)] ReadMemory at 0x195a7d7c290 of 62 bytes failed: Only part of a ReadProcessMemory or WriteProcessMemory request was completed. (0x12B)
[0311/125413.595:ERROR:process_memory_win.cc(73)] ReadMemory at 0x195a7d7c380 of 64 bytes failed: Only part of a ReadProcessMemory or WriteProcessMemory request was completed. (0x12B)
[0311/125413.595:ERROR:process_memory_win.cc(73)] ReadMemory at 0x195a7d7c4c0 of 60 bytes failed: Only part of a ReadProcessMemory or WriteProcessMemory request was completed. (0x12B)
[0311/125413.595:ERROR:process_memory_win.cc(73)] ReadMemory at 0x195a7d7c510 of 60 bytes failed: Only part of a ReadProcessMemory or WriteProcessMemory request was completed. (0x12B)
[0311/125413.595:ERROR:process_memory_win.cc(73)] ReadMemory at 0x195a7d7c650 of 64 bytes failed: Only part of a ReadProcessMemory or WriteProcessMemory request was completed. (0x12B)
[0311/125413.595:ERROR:process_memory_win.cc(73)] ReadMemory at 0x195a7d7c6a0 of 62 bytes failed: Only part of a ReadProcessMemory or WriteProcessMemory request was completed. (0x12B)
[0311/125413.595:ERROR:process_memory_win.cc(73)] ReadMemory at 0x195a7d7c740 of 62 bytes failed: Only part of a ReadProcessMemory or WriteProcessMemory request was completed. (0x12B)
[0311/125413.596:ERROR:process_memory_win.cc(73)] ReadMemory at 0x195a7d7c7e0 of 58 bytes failed: Only part of a ReadProcessMemory or WriteProcessMemory request was completed. (0x12B)
[0311/125413.596:ERROR:process_memory_win.cc(73)] ReadMemory at 0x195a7d7c830 of 60 bytes failed: Only part of a ReadProcessMemory or WriteProcessMemory request was completed. (0x12B)
[0311/125413.596:ERROR:process_memory_win.cc(73)] ReadMemory at 0x195a7d7c8d0 of 66 bytes failed: Only part of a ReadProcessMemory or WriteProcessMemory request was completed. (0x12B)
[0311/125413.596:ERROR:process_memory_win.cc(73)] ReadMemory at 0x195a7d7c970 of 62 bytes failed: Only part of a ReadProcessMemory or WriteProcessMemory request was completed. (0x12B)
[0311/125413.596:ERROR:process_memory_win.cc(73)] ReadMemory at 0x195a7d7c9c0 of 62 bytes failed: Only part of a ReadProcessMemory or WriteProcessMemory request was completed. (0x12B)
[0311/125413.596:ERROR:process_memory_win.cc(73)] ReadMemory at 0x195a7d7ca10 of 64 bytes failed: Only part of a ReadProcessMemory or WriteProcessMemory request was completed. (0x12B)
[0311/125413.596:ERROR:process_memory_win.cc(73)] ReadMemory at 0x195a7d7ca60 of 62 bytes failed: Only part of a ReadProcessMemory or WriteProcessMemory request was completed. (0x12B)
[0311/125413.596:ERROR:process_memory_win.cc(73)] ReadMemory at 0x195a7d7cab0 of 60 bytes failed: Only part of a ReadProcessMemory or WriteProcessMemory request was completed. (0x12B)
[0311/125413.597:ERROR:process_memory_win.cc(73)] ReadMemory at 0x195a7d7cb50 of 64 bytes failed: Only part of a ReadProcessMemory or WriteProcessMemory request was completed. (0x12B)
[0311/125413.597:ERROR:process_memory_win.cc(73)] ReadMemory at 0x195a7d959d0 of 512 bytes failed: Only part of a ReadProcessMemory or WriteProcessMemory request was completed. (0x12B)
[0311/125413.597:ERROR:process_memory_win.cc(73)] ReadMemory at 0x195a7d967f0 of 512 bytes failed: Only part of a ReadProcessMemory or WriteProcessMemory request was completed. (0x12B)
[0311/125413.597:ERROR:process_memory_win.cc(73)] ReadMemory at 0x195a7fd0e80 of 512 bytes failed: Only part of a ReadProcessMemory or WriteProcessMemory request was completed. (0x12B)
[0311/125413.597:ERROR:process_memory_win.cc(73)] ReadMemory at 0x195a8187be0 of 704 bytes failed: Only part of a ReadProcessMemory or WriteProcessMemory request was completed. (0x12B)
[0311/125413.597:ERROR:process_memory_win.cc(73)] ReadMemory at 0x195a8190490 of 512 bytes failed: Only part of a ReadProcessMemory or WriteProcessMemory request was completed. (0x12B)
[0311/125413.597:ERROR:process_memory_win.cc(73)] ReadMemory at 0x195a8197190 of 512 bytes failed: Only part of a ReadProcessMemory or WriteProcessMemory request was completed. (0x12B)
[0311/125413.597:ERROR:process_memory_win.cc(73)] ReadMemory at 0x195a81b3740 of 712 bytes failed: Only part of a ReadProcessMemory or WriteProcessMemory request was completed. (0x12B)
[0311/125413.597:ERROR:process_memory_win.cc(73)] ReadMemory at 0x195a81ba6a0 of 512 bytes failed: Only part of a ReadProcessMemory or WriteProcessMemory request was completed. (0x12B)
[0311/125413.598:ERROR:process_memory_win.cc(73)] ReadMemory at 0x195a81bb150 of 512 bytes failed: Only part of a ReadProcessMemory or WriteProcessMemory request was completed. (0x12B)
[0311/125413.598:ERROR:process_memory_win.cc(73)] ReadMemory at 0x195a81bf6c8 of 512 bytes failed: Only part of a ReadProcessMemory or WriteProcessMemory request was completed. (0x12B)
[0311/125413.598:ERROR:process_memory_win.cc(73)] ReadMemory at 0x195a81c0c28 of 512 bytes failed: Only part of a ReadProcessMemory or WriteProcessMemory request was completed. (0x12B)
[0311/125413.598:ERROR:process_memory_win.cc(73)] ReadMemory at 0x195a81c0f88 of 512 bytes failed: Only part of a ReadProcessMemory or WriteProcessMemory request was completed. (0x12B)
[0311/125413.598:ERROR:process_memory_win.cc(73)] ReadMemory at 0x195aa040000 of 384 bytes failed: Only part of a ReadProcessMemory or WriteProcessMemory request was completed. (0x12B)
[0311/125413.598:ERROR:process_memory_win.cc(73)] ReadMemory at 0x195aa08ef70 of 512 bytes failed: Only part of a ReadProcessMemory or WriteProcessMemory request was completed. (0x12B)
[0311/125413.598:ERROR:process_memory_win.cc(73)] ReadMemory at 0x195aa08f830 of 512 bytes failed: Only part of a ReadProcessMemory or WriteProcessMemory request was completed. (0x12B)
[0311/125413.599:ERROR:process_memory_win.cc(73)] ReadMemory at 0x195aa0bcbf0 of 512 bytes failed: Only part of a ReadProcessMemory or WriteProcessMemory request was completed. (0x12B)
[0311/125413.599:ERROR:process_memory_win.cc(73)] ReadMemory at 0x195aa14f070 of 512 bytes failed: Only part of a ReadProcessMemory or WriteProcessMemory request was completed. (0x12B)
[0311/125413.600:ERROR:process_memory_win.cc(73)] ReadMemory at 0x195aa1c5c80 of 512 bytes failed: Only part of a ReadProcessMemory or WriteProcessMemory request was completed. (0x12B)
[0311/125413.600:ERROR:process_memory_win.cc(73)] ReadMemory at 0x195aa1e2268 of 512 bytes failed: Only part of a ReadProcessMemory or WriteProcessMemory request was completed. (0x12B)
[0311/125413.600:ERROR:process_memory_win.cc(73)] ReadMemory at 0x7ff93803026c of 512 bytes failed: Only part of a ReadProcessMemory or WriteProcessMemory request was completed. (0x12B)
[0311/125413.601:ERROR:process_memory_win.cc(73)] ReadMemory at 0x7ff9386de6be of 553 bytes failed: Only part of a ReadProcessMemory or WriteProcessMemory request was completed. (0x12B)
[0311/125413.601:ERROR:process_memory_win.cc(73)] ReadMemory at 0x7ff97d74b6d0 of 512 bytes failed: Only part of a ReadProcessMemory or WriteProcessMemory request was completed. (0x12B)
[0311/125413.601:ERROR:process_memory_win.cc(73)] ReadMemory at 0x7ff98001c0c4 of 672 bytes failed: Only part of a ReadProcessMemory or WriteProcessMemory request was completed. (0x12B)
[0311/125413.601:ERROR:process_memory_win.cc(73)] ReadMemory at 0x7ff98001c6c4 of 512 bytes failed: Only part of a ReadProcessMemory or WriteProcessMemory request was completed. (0x12B)
[0311/125413.601:ERROR:process_memory_win.cc(73)] ReadMemory at 0x7ff98001f974 of 608 bytes failed: Only part of a ReadProcessMemory or WriteProcessMemory request was completed. (0x12B)
[0311/125413.601:ERROR:process_memory_win.cc(73)] ReadMemory at 0x7ff9800ac428 of 18 bytes failed: Only part of a ReadProcessMemory or WriteProcessMemory request was completed. (0x12B)
[0311/125413.601:ERROR:process_memory_win.cc(73)] ReadMemory at 0x7ff9800df4f8 of 40 bytes failed: Only part of a ReadProcessMemory or WriteProcessMemory request was completed. (0x12B)
[0311/125413.601:ERROR:process_memory_win.cc(73)] ReadMemory at 0x7ff9800df978 of 48 bytes failed: Only part of a ReadProcessMemory or WriteProcessMemory request was completed. (0x12B)
[0311/125413.602:ERROR:process_memory_win.cc(73)] ReadMemory at 0x7ff9800e53c0 of 64 bytes failed: Only part of a ReadProcessMemory or WriteProcessMemory request was completed. (0x12B)
[0311/125413.603:ERROR:scoped_process_suspend.cc(40)] NtResumeProcess: An attempt was made to access an exiting process. (0xc000010a)
